<?xml version="1.0" encoding="UTF-8"?>
<!-- Generated by org.testng.reporters.JUnitReportReporter -->
<testsuite hostname="DESKTOP-GEENAQU" failures="0" tests="6" name="testng.project.AppTest" time="43.524" errors="0" timestamp="2024-09-10T12:12:26 IST" skipped="0">
  <testcase classname="testng.project.AppTest" name="loginTest" time="8.220"/>
  <testcase classname="testng.project.AppTest" name="loginTest" time="6.873"/>
  <testcase classname="testng.project.AppTest" name="loginTest" time="7.214"/>
  <testcase classname="testng.project.AppTest" name="loginTest" time="7.375"/>
  <testcase classname="testng.project.AppTest" name="loginTest" time="6.996"/>
  <testcase classname="testng.project.AppTest" name="loginTest" time="6.846"/>
</testsuite> <!-- testng.project.AppTest -->
